The system is: CYGWIN - 3.2.0(0.340/5/3) - x86_64
Compiling the C compiler identification source file "CMakeCCompilerId.c" succeeded.
Compiler: /cygdrive/h/programme/cygwin/bin/cc 
Build flags: 
Id flags:  

The output was:
0


Compilation of the C compiler identification source "CMakeCCompilerId.c" produced "a.exe"

The C compiler identification is GNU, found in "/cygdrive/h/projekte/Informatik_Perzeptron/cmake-build-debug/CMakeFiles/3.24.2/CompilerIdC/a.exe"

Compiling the CXX compiler identification source file "CMakeCXXCompilerId.cpp" succeeded.
Compiler: /cygdrive/h/programme/cygwin/bin/c++.exe 
Build flags: 
Id flags:  

The output was:
0


Compilation of the CXX compiler identification source "CMakeCXXCompilerId.cpp" produced "a.exe"

The CXX compiler identification is GNU, found in "/cygdrive/h/projekte/Informatik_Perzeptron/cmake-build-debug/CMakeFiles/3.24.2/CompilerIdCXX/a.exe"

Detecting C compiler ABI info compiled with the following output:
Change Dir: /cygdrive/h/projekte/Informatik_Perzeptron/cmake-build-debug/CMakeFiles/CMakeTmp

Run Build Command(s):/cygdrive/h/Programme/jetbrains/apps/apps/Toolbox/apps/CLion/ch-0/223.8617.54/bin/ninja/cygwin/x64/ninja.exe cmTC_dcaf6 && [1/2] Building C object CMakeFiles/cmTC_dcaf6.dir/CMakeCCompilerABI.c.o
Using built-in specs.
COLLECT_GCC=/cygdrive/h/programme/cygwin/bin/cc
Target: x86_64-pc-cygwin
Configured with: /mnt/share/cygpkgs/gcc/gcc.x86_64/src/gcc-11.2.0/configure --srcdir=/mnt/share/cygpkgs/gcc/gcc.x86_64/src/gcc-11.2.0 --prefix=/usr --exec-prefix=/usr --localstatedir=/var --sysconfdir=/etc --docdir=/usr/share/doc/gcc --htmldir=/usr/share/doc/gcc/html -C --build=x86_64-pc-cygwin --host=x86_64-pc-cygwin --target=x86_64-pc-cygwin --without-libiconv-prefix --without-libintl-prefix --libexecdir=/usr/lib --with-gcc-major-version-only --enable-shared --enable-shared-libgcc --enable-static --enable-version-specific-runtime-libs --enable-bootstrap --enable-__cxa_atexit --with-dwarf2 --with-tune=generic --disable-bootstrap --enable-languages=c,c++,fortran,lto,objc,obj-c++,jit --enable-graphite --enable-threads=posix --enable-libatomic --enable-libgomp --enable-libquadmath --enable-libquadmath-support --disable-libssp --enable-libada --disable-symvers --with-gnu-ld --with-gnu-as --with-cloog-include=/usr/include/cloog-isl --without-libiconv-prefix --without-libintl-prefix --with-system-zlib --enable-linker-build-id --with-default-libstdcxx-abi=gcc4-compatible --enable-libstdcxx-filesystem-ts
Thread model: posix
Supported LTO compression algorithms: zlib zstd
gcc version 11.2.0 (GCC) 
COLLECT_GCC_OPTIONS='-fdiagnostics-color=always' '-v' '-o' 'CMakeFiles/cmTC_dcaf6.dir/CMakeCCompilerABI.c.o' '-c' '-mtune=generic' '-march=x86-64' '-dumpdir' 'CMakeFiles/cmTC_dcaf6.dir/'
 /cygdrive/h/programme/cygwin/bin/../lib/gcc/x86_64-pc-cygwin/11/cc1.exe -quiet -v -iprefix /cygdrive/h/programme/cygwin/bin/../lib/gcc/x86_64-pc-cygwin/11/ -idirafter /usr/lib/../lib/../include/w32api -idirafter ../../include/w32api /cygdrive/c/Users/userProgrammer/AppData/Local/JetBrains/CLion2022.3/cygwin_cmake/share/cmake-3.24.2/Modules/CMakeCCompilerABI.c -quiet -dumpdir CMakeFiles/cmTC_dcaf6.dir/ -dumpbase CMakeCCompilerABI.c.c -dumpbase-ext .c -mtune=generic -march=x86-64 -version -fdiagnostics-color=always -o /tmp/ccGDYeKn.s
GNU C17 (GCC) version 11.2.0 (x86_64-pc-cygwin)
	compiled by GNU C version 11.2.0, GMP version 6.2.1, MPFR version 4.1.0, MPC version 1.2.1, isl version isl-0.24-GMP

GGC heuristics: --param ggc-min-expand=100 --param ggc-min-heapsize=131072
ignoring nonexistent directory "/cygdrive/h/programme/cygwin/bin/../lib/gcc/x86_64-pc-cygwin/11/include-fixed"
ignoring nonexistent directory "/cygdrive/h/programme/cygwin/bin/../lib/gcc/x86_64-pc-cygwin/11/../../../../x86_64-pc-cygwin/include"
ignoring duplicate directory "/cygdrive/h/programme/cygwin/bin/../lib/gcc/../../lib/gcc/x86_64-pc-cygwin/11/include"
ignoring nonexistent directory "/usr/local/include"
ignoring nonexistent directory "/cygdrive/h/programme/cygwin/bin/../lib/gcc/../../lib/gcc/x86_64-pc-cygwin/11/include-fixed"
ignoring nonexistent directory "/cygdrive/h/programme/cygwin/bin/../lib/gcc/../../lib/gcc/x86_64-pc-cygwin/11/../../../../x86_64-pc-cygwin/include"
ignoring nonexistent directory "../../include/w32api"
#include "..." search starts here:
#include <...> search starts here:
 /cygdrive/h/programme/cygwin/bin/../lib/gcc/x86_64-pc-cygwin/11/include
 /usr/include
 /usr/lib/../lib/../include/w32api
End of search list.
GNU C17 (GCC) version 11.2.0 (x86_64-pc-cygwin)
	compiled by GNU C version 11.2.0, GMP version 6.2.1, MPFR version 4.1.0, MPC version 1.2.1, isl version isl-0.24-GMP

GGC heuristics: --param ggc-min-expand=100 --param ggc-min-heapsize=131072
Compiler executable checksum: befd73bee7080c4d72157ef5c760fe84
COLLECT_GCC_OPTIONS='-fdiagnostics-color=always' '-v' '-o' 'CMakeFiles/cmTC_dcaf6.dir/CMakeCCompilerABI.c.o' '-c' '-mtune=generic' '-march=x86-64' '-dumpdir' 'CMakeFiles/cmTC_dcaf6.dir/'
 as -v -o CMakeFiles/cmTC_dcaf6.dir/CMakeCCompilerABI.c.o /tmp/ccGDYeKn.s
GNU assembler version 2.37 (x86_64-pc-cygwin) using BFD version (GNU Binutils) 2.37
COMPILER_PATH=/cygdrive/h/programme/cygwin/bin/../lib/gcc/x86_64-pc-cygwin/11/:/cygdrive/h/programme/cygwin/bin/../lib/gcc/
LIBRARY_PATH=/cygdrive/h/programme/cygwin/bin/../lib/gcc/x86_64-pc-cygwin/11/:/cygdrive/h/programme/cygwin/bin/../lib/gcc/:/cygdrive/h/programme/cygwin/bin/../lib/gcc/x86_64-pc-cygwin/11/../../../../lib/:/lib/../lib/:/usr/lib/../lib/:/cygdrive/h/programme/cygwin/bin/../lib/gcc/x86_64-pc-cygwin/11/../../../:/lib/:/usr/lib/
COLLECT_GCC_OPTIONS='-fdiagnostics-color=always' '-v' '-o' 'CMakeFiles/cmTC_dcaf6.dir/CMakeCCompilerABI.c.o' '-c' '-mtune=generic' '-march=x86-64' '-dumpdir' 'CMakeFiles/cmTC_dcaf6.dir/CMakeCCompilerABI.c.'
[2/2] Linking C executable cmTC_dcaf6.exe
Using built-in specs.
COLLECT_GCC=/cygdrive/h/programme/cygwin/bin/cc
COLLECT_LTO_WRAPPER=/cygdrive/h/programme/cygwin/bin/../lib/gcc/x86_64-pc-cygwin/11/lto-wrapper.exe
Target: x86_64-pc-cygwin
Configured with: /mnt/share/cygpkgs/gcc/gcc.x86_64/src/gcc-11.2.0/configure --srcdir=/mnt/share/cygpkgs/gcc/gcc.x86_64/src/gcc-11.2.0 --prefix=/usr --exec-prefix=/usr --localstatedir=/var --sysconfdir=/etc --docdir=/usr/share/doc/gcc --htmldir=/usr/share/doc/gcc/html -C --build=x86_64-pc-cygwin --host=x86_64-pc-cygwin --target=x86_64-pc-cygwin --without-libiconv-prefix --without-libintl-prefix --libexecdir=/usr/lib --with-gcc-major-version-only --enable-shared --enable-shared-libgcc --enable-static --enable-version-specific-runtime-libs --enable-bootstrap --enable-__cxa_atexit --with-dwarf2 --with-tune=generic --disable-bootstrap --enable-languages=c,c++,fortran,lto,objc,obj-c++,jit --enable-graphite --enable-threads=posix --enable-libatomic --enable-libgomp --enable-libquadmath --enable-libquadmath-support --disable-libssp --enable-libada --disable-symvers --with-gnu-ld --with-gnu-as --with-cloog-include=/usr/include/cloog-isl --without-libiconv-prefix --without-libintl-prefix --with-system-zlib --enable-linker-build-id --with-default-libstdcxx-abi=gcc4-compatible --enable-libstdcxx-filesystem-ts
Thread model: posix
Supported LTO compression algorithms: zlib zstd
gcc version 11.2.0 (GCC) 
COMPILER_PATH=/cygdrive/h/programme/cygwin/bin/../lib/gcc/x86_64-pc-cygwin/11/:/cygdrive/h/programme/cygwin/bin/../lib/gcc/
LIBRARY_PATH=/cygdrive/h/programme/cygwin/bin/../lib/gcc/x86_64-pc-cygwin/11/:/cygdrive/h/programme/cygwin/bin/../lib/gcc/:/cygdrive/h/programme/cygwin/bin/../lib/gcc/x86_64-pc-cygwin/11/../../../../lib/:/lib/../lib/:/usr/lib/../lib/:/cygdrive/h/programme/cygwin/bin/../lib/gcc/x86_64-pc-cygwin/11/../../../:/lib/:/usr/lib/
COLLECT_GCC_OPTIONS='-v' '-o' 'cmTC_dcaf6.exe' '-mtune=generic' '-march=x86-64' '-dumpdir' 'cmTC_dcaf6.'
 /cygdrive/h/programme/cygwin/bin/../lib/gcc/x86_64-pc-cygwin/11/collect2.exe -plugin /cygdrive/h/programme/cygwin/bin/../lib/gcc/x86_64-pc-cygwin/11/cyglto_plugin.dll -plugin-opt=/cygdrive/h/programme/cygwin/bin/../lib/gcc/x86_64-pc-cygwin/11/lto-wrapper.exe -plugin-opt=-fresolution=/tmp/ccnYovU5.res -plugin-opt=-pass-through=-lgcc_s -plugin-opt=-pass-through=-lgcc -plugin-opt=-pass-through=-lcygwin -plugin-opt=-pass-through=-ladvapi32 -plugin-opt=-pass-through=-lshell32 -plugin-opt=-pass-through=-luser32 -plugin-opt=-pass-through=-lkernel32 -plugin-opt=-pass-through=-lgcc_s -plugin-opt=-pass-through=-lgcc --build-id -m i386pep --wrap _Znwm --wrap _Znam --wrap _ZdlPv --wrap _ZdaPv --wrap _ZnwmRKSt9nothrow_t --wrap _ZnamRKSt9nothrow_t --wrap _ZdlPvRKSt9nothrow_t --wrap _ZdaPvRKSt9nothrow_t -Bdynamic --dll-search-prefix=cyg --tsaware -o cmTC_dcaf6.exe /cygdrive/h/programme/cygwin/bin/../lib/gcc/x86_64-pc-cygwin/11/../../../../lib/crt0.o /cygdrive/h/programme/cygwin/bin/../lib/gcc/x86_64-pc-cygwin/11/crtbegin.o -L/cygdrive/h/programme/cygwin/bin/../lib/gcc/x86_64-pc-cygwin/11 -L/cygdrive/h/programme/cygwin/bin/../lib/gcc -L/cygdrive/h/programme/cygwin/bin/../lib/gcc/x86_64-pc-cygwin/11/../../../../lib -L/lib/../lib -L/usr/lib/../lib -L/cygdrive/h/programme/cygwin/bin/../lib/gcc/x86_64-pc-cygwin/11/../../.. --enable-auto-import CMakeFiles/cmTC_dcaf6.dir/CMakeCCompilerABI.c.o --out-implib libcmTC_dcaf6.dll.a --major-image-version 0 --minor-image-version 0 -lgcc_s -lgcc -lcygwin -ladvapi32 -lshell32 -luser32 -lkernel32 -lgcc_s -lgcc /cygdrive/h/programme/cygwin/bin/../lib/gcc/x86_64-pc-cygwin/11/../../../../lib/default-manifest.o /cygdrive/h/programme/cygwin/bin/../lib/gcc/x86_64-pc-cygwin/11/crtend.o
COLLECT_GCC_OPTIONS='-v' '-o' 'cmTC_dcaf6.exe' '-mtune=generic' '-march=x86-64' '-dumpdir' 'cmTC_dcaf6.'



Parsed C implicit include dir info from above output: rv=done
  found start of include info
  found start of implicit include info
    add: [/cygdrive/h/programme/cygwin/bin/../lib/gcc/x86_64-pc-cygwin/11/include]
    add: [/usr/include]
    add: [/usr/lib/../lib/../include/w32api]
  end of search list found
  collapse include dir [/cygdrive/h/programme/cygwin/bin/../lib/gcc/x86_64-pc-cygwin/11/include] ==> [/cygdrive/h/programme/cygwin/lib/gcc/x86_64-pc-cygwin/11/include]
  collapse include dir [/usr/include] ==> [/usr/include]
  collapse include dir [/usr/lib/../lib/../include/w32api] ==> [/usr/include/w32api]
  implicit include dirs: [/cygdrive/h/programme/cygwin/lib/gcc/x86_64-pc-cygwin/11/include;/usr/include;/usr/include/w32api]


Parsed C implicit link information from above output:
  link line regex: [^( *|.*[/\])(ld\.exe|CMAKE_LINK_STARTFILE-NOTFOUND|([^/\]+-)?ld|collect2)[^/\]*( |$)]
  ignore line: [Change Dir: /cygdrive/h/projekte/Informatik_Perzeptron/cmake-build-debug/CMakeFiles/CMakeTmp]
  ignore line: []
  ignore line: [Run Build Command(s):/cygdrive/h/Programme/jetbrains/apps/apps/Toolbox/apps/CLion/ch-0/223.8617.54/bin/ninja/cygwin/x64/ninja.exe cmTC_dcaf6 && [1/2] Building C object CMakeFiles/cmTC_dcaf6.dir/CMakeCCompilerABI.c.o]
  ignore line: [Using built-in specs.]
  ignore line: [COLLECT_GCC=/cygdrive/h/programme/cygwin/bin/cc]
  ignore line: [Target: x86_64-pc-cygwin]
  ignore line: [Configured with: /mnt/share/cygpkgs/gcc/gcc.x86_64/src/gcc-11.2.0/configure --srcdir=/mnt/share/cygpkgs/gcc/gcc.x86_64/src/gcc-11.2.0 --prefix=/usr --exec-prefix=/usr --localstatedir=/var --sysconfdir=/etc --docdir=/usr/share/doc/gcc --htmldir=/usr/share/doc/gcc/html -C --build=x86_64-pc-cygwin --host=x86_64-pc-cygwin --target=x86_64-pc-cygwin --without-libiconv-prefix --without-libintl-prefix --libexecdir=/usr/lib --with-gcc-major-version-only --enable-shared --enable-shared-libgcc --enable-static --enable-version-specific-runtime-libs --enable-bootstrap --enable-__cxa_atexit --with-dwarf2 --with-tune=generic --disable-bootstrap --enable-languages=c,c++,fortran,lto,objc,obj-c++,jit --enable-graphite --enable-threads=posix --enable-libatomic --enable-libgomp --enable-libquadmath --enable-libquadmath-support --disable-libssp --enable-libada --disable-symvers --with-gnu-ld --with-gnu-as --with-cloog-include=/usr/include/cloog-isl --without-libiconv-prefix --without-libintl-prefix --with-system-zlib --enable-linker-build-id --with-default-libstdcxx-abi=gcc4-compatible --enable-libstdcxx-filesystem-ts]
  ignore line: [Thread model: posix]
  ignore line: [Supported LTO compression algorithms: zlib zstd]
  ignore line: [gcc version 11.2.0 (GCC) ]
  ignore line: [COLLECT_GCC_OPTIONS='-fdiagnostics-color=always' '-v' '-o' 'CMakeFiles/cmTC_dcaf6.dir/CMakeCCompilerABI.c.o' '-c' '-mtune=generic' '-march=x86-64' '-dumpdir' 'CMakeFiles/cmTC_dcaf6.dir/']
  ignore line: [ /cygdrive/h/programme/cygwin/bin/../lib/gcc/x86_64-pc-cygwin/11/cc1.exe -quiet -v -iprefix /cygdrive/h/programme/cygwin/bin/../lib/gcc/x86_64-pc-cygwin/11/ -idirafter /usr/lib/../lib/../include/w32api -idirafter ../../include/w32api /cygdrive/c/Users/userProgrammer/AppData/Local/JetBrains/CLion2022.3/cygwin_cmake/share/cmake-3.24.2/Modules/CMakeCCompilerABI.c -quiet -dumpdir CMakeFiles/cmTC_dcaf6.dir/ -dumpbase CMakeCCompilerABI.c.c -dumpbase-ext .c -mtune=generic -march=x86-64 -version -fdiagnostics-color=always -o /tmp/ccGDYeKn.s]
  ignore line: [GNU C17 (GCC) version 11.2.0 (x86_64-pc-cygwin)]
  ignore line: [	compiled by GNU C version 11.2.0  GMP version 6.2.1  MPFR version 4.1.0  MPC version 1.2.1  isl version isl-0.24-GMP]
  ignore line: []
  ignore line: [GGC heuristics: --param ggc-min-expand=100 --param ggc-min-heapsize=131072]
  ignore line: [ignoring nonexistent directory "/cygdrive/h/programme/cygwin/bin/../lib/gcc/x86_64-pc-cygwin/11/include-fixed"]
  ignore line: [ignoring nonexistent directory "/cygdrive/h/programme/cygwin/bin/../lib/gcc/x86_64-pc-cygwin/11/../../../../x86_64-pc-cygwin/include"]
  ignore line: [ignoring duplicate directory "/cygdrive/h/programme/cygwin/bin/../lib/gcc/../../lib/gcc/x86_64-pc-cygwin/11/include"]
  ignore line: [ignoring nonexistent directory "/usr/local/include"]
  ignore line: [ignoring nonexistent directory "/cygdrive/h/programme/cygwin/bin/../lib/gcc/../../lib/gcc/x86_64-pc-cygwin/11/include-fixed"]
  ignore line: [ignoring nonexistent directory "/cygdrive/h/programme/cygwin/bin/../lib/gcc/../../lib/gcc/x86_64-pc-cygwin/11/../../../../x86_64-pc-cygwin/include"]
  ignore line: [ignoring nonexistent directory "../../include/w32api"]
  ignore line: [#include "..." search starts here:]
  ignore line: [#include <...> search starts here:]
  ignore line: [ /cygdrive/h/programme/cygwin/bin/../lib/gcc/x86_64-pc-cygwin/11/include]
  ignore line: [ /usr/include]
  ignore line: [ /usr/lib/../lib/../include/w32api]
  ignore line: [End of search list.]
  ignore line: [GNU C17 (GCC) version 11.2.0 (x86_64-pc-cygwin)]
  ignore line: [	compiled by GNU C version 11.2.0  GMP version 6.2.1  MPFR version 4.1.0  MPC version 1.2.1  isl version isl-0.24-GMP]
  ignore line: []
  ignore line: [GGC heuristics: --param ggc-min-expand=100 --param ggc-min-heapsize=131072]
  ignore line: [Compiler executable checksum: befd73bee7080c4d72157ef5c760fe84]
  ignore line: [COLLECT_GCC_OPTIONS='-fdiagnostics-color=always' '-v' '-o' 'CMakeFiles/cmTC_dcaf6.dir/CMakeCCompilerABI.c.o' '-c' '-mtune=generic' '-march=x86-64' '-dumpdir' 'CMakeFiles/cmTC_dcaf6.dir/']
  ignore line: [ as -v -o CMakeFiles/cmTC_dcaf6.dir/CMakeCCompilerABI.c.o /tmp/ccGDYeKn.s]
  ignore line: [GNU assembler version 2.37 (x86_64-pc-cygwin) using BFD version (GNU Binutils) 2.37]
  ignore line: [COMPILER_PATH=/cygdrive/h/programme/cygwin/bin/../lib/gcc/x86_64-pc-cygwin/11/:/cygdrive/h/programme/cygwin/bin/../lib/gcc/]
  ignore line: [LIBRARY_PATH=/cygdrive/h/programme/cygwin/bin/../lib/gcc/x86_64-pc-cygwin/11/:/cygdrive/h/programme/cygwin/bin/../lib/gcc/:/cygdrive/h/programme/cygwin/bin/../lib/gcc/x86_64-pc-cygwin/11/../../../../lib/:/lib/../lib/:/usr/lib/../lib/:/cygdrive/h/programme/cygwin/bin/../lib/gcc/x86_64-pc-cygwin/11/../../../:/lib/:/usr/lib/]
  ignore line: [COLLECT_GCC_OPTIONS='-fdiagnostics-color=always' '-v' '-o' 'CMakeFiles/cmTC_dcaf6.dir/CMakeCCompilerABI.c.o' '-c' '-mtune=generic' '-march=x86-64' '-dumpdir' 'CMakeFiles/cmTC_dcaf6.dir/CMakeCCompilerABI.c.']
  ignore line: [[2/2] Linking C executable cmTC_dcaf6.exe]
  ignore line: [Using built-in specs.]
  ignore line: [COLLECT_GCC=/cygdrive/h/programme/cygwin/bin/cc]
  ignore line: [COLLECT_LTO_WRAPPER=/cygdrive/h/programme/cygwin/bin/../lib/gcc/x86_64-pc-cygwin/11/lto-wrapper.exe]
  ignore line: [Target: x86_64-pc-cygwin]
  ignore line: [Configured with: /mnt/share/cygpkgs/gcc/gcc.x86_64/src/gcc-11.2.0/configure --srcdir=/mnt/share/cygpkgs/gcc/gcc.x86_64/src/gcc-11.2.0 --prefix=/usr --exec-prefix=/usr --localstatedir=/var --sysconfdir=/etc --docdir=/usr/share/doc/gcc --htmldir=/usr/share/doc/gcc/html -C --build=x86_64-pc-cygwin --host=x86_64-pc-cygwin --target=x86_64-pc-cygwin --without-libiconv-prefix --without-libintl-prefix --libexecdir=/usr/lib --with-gcc-major-version-only --enable-shared --enable-shared-libgcc --enable-static --enable-version-specific-runtime-libs --enable-bootstrap --enable-__cxa_atexit --with-dwarf2 --with-tune=generic --disable-bootstrap --enable-languages=c,c++,fortran,lto,objc,obj-c++,jit --enable-graphite --enable-threads=posix --enable-libatomic --enable-libgomp --enable-libquadmath --enable-libquadmath-support --disable-libssp --enable-libada --disable-symvers --with-gnu-ld --with-gnu-as --with-cloog-include=/usr/include/cloog-isl --without-libiconv-prefix --without-libintl-prefix --with-system-zlib --enable-linker-build-id --with-default-libstdcxx-abi=gcc4-compatible --enable-libstdcxx-filesystem-ts]
  ignore line: [Thread model: posix]
  ignore line: [Supported LTO compression algorithms: zlib zstd]
  ignore line: [gcc version 11.2.0 (GCC) ]
  ignore line: [COMPILER_PATH=/cygdrive/h/programme/cygwin/bin/../lib/gcc/x86_64-pc-cygwin/11/:/cygdrive/h/programme/cygwin/bin/../lib/gcc/]
  ignore line: [LIBRARY_PATH=/cygdrive/h/programme/cygwin/bin/../lib/gcc/x86_64-pc-cygwin/11/:/cygdrive/h/programme/cygwin/bin/../lib/gcc/:/cygdrive/h/programme/cygwin/bin/../lib/gcc/x86_64-pc-cygwin/11/../../../../lib/:/lib/../lib/:/usr/lib/../lib/:/cygdrive/h/programme/cygwin/bin/../lib/gcc/x86_64-pc-cygwin/11/../../../:/lib/:/usr/lib/]
  ignore line: [COLLECT_GCC_OPTIONS='-v' '-o' 'cmTC_dcaf6.exe' '-mtune=generic' '-march=x86-64' '-dumpdir' 'cmTC_dcaf6.']
  link line: [ /cygdrive/h/programme/cygwin/bin/../lib/gcc/x86_64-pc-cygwin/11/collect2.exe -plugin /cygdrive/h/programme/cygwin/bin/../lib/gcc/x86_64-pc-cygwin/11/cyglto_plugin.dll -plugin-opt=/cygdrive/h/programme/cygwin/bin/../lib/gcc/x86_64-pc-cygwin/11/lto-wrapper.exe -plugin-opt=-fresolution=/tmp/ccnYovU5.res -plugin-opt=-pass-through=-lgcc_s -plugin-opt=-pass-through=-lgcc -plugin-opt=-pass-through=-lcygwin -plugin-opt=-pass-through=-ladvapi32 -plugin-opt=-pass-through=-lshell32 -plugin-opt=-pass-through=-luser32 -plugin-opt=-pass-through=-lkernel32 -plugin-opt=-pass-through=-lgcc_s -plugin-opt=-pass-through=-lgcc --build-id -m i386pep --wrap _Znwm --wrap _Znam --wrap _ZdlPv --wrap _ZdaPv --wrap _ZnwmRKSt9nothrow_t --wrap _ZnamRKSt9nothrow_t --wrap _ZdlPvRKSt9nothrow_t --wrap _ZdaPvRKSt9nothrow_t -Bdynamic --dll-search-prefix=cyg --tsaware -o cmTC_dcaf6.exe /cygdrive/h/programme/cygwin/bin/../lib/gcc/x86_64-pc-cygwin/11/../../../../lib/crt0.o /cygdrive/h/programme/cygwin/bin/../lib/gcc/x86_64-pc-cygwin/11/crtbegin.o -L/cygdrive/h/programme/cygwin/bin/../lib/gcc/x86_64-pc-cygwin/11 -L/cygdrive/h/programme/cygwin/bin/../lib/gcc -L/cygdrive/h/programme/cygwin/bin/../lib/gcc/x86_64-pc-cygwin/11/../../../../lib -L/lib/../lib -L/usr/lib/../lib -L/cygdrive/h/programme/cygwin/bin/../lib/gcc/x86_64-pc-cygwin/11/../../.. --enable-auto-import CMakeFiles/cmTC_dcaf6.dir/CMakeCCompilerABI.c.o --out-implib libcmTC_dcaf6.dll.a --major-image-version 0 --minor-image-version 0 -lgcc_s -lgcc -lcygwin -ladvapi32 -lshell32 -luser32 -lkernel32 -lgcc_s -lgcc /cygdrive/h/programme/cygwin/bin/../lib/gcc/x86_64-pc-cygwin/11/../../../../lib/default-manifest.o /cygdrive/h/programme/cygwin/bin/../lib/gcc/x86_64-pc-cygwin/11/crtend.o]
    arg [/cygdrive/h/programme/cygwin/bin/../lib/gcc/x86_64-pc-cygwin/11/collect2.exe] ==> ignore
    arg [-plugin] ==> ignore
    arg [/cygdrive/h/programme/cygwin/bin/../lib/gcc/x86_64-pc-cygwin/11/cyglto_plugin.dll] ==> ignore
    arg [-plugin-opt=/cygdrive/h/programme/cygwin/bin/../lib/gcc/x86_64-pc-cygwin/11/lto-wrapper.exe] ==> ignore
    arg [-plugin-opt=-fresolution=/tmp/ccnYovU5.res] ==> ignore
    arg [-plugin-opt=-pass-through=-lgcc_s] ==> ignore
    arg [-plugin-opt=-pass-through=-lgcc] ==> ignore
    arg [-plugin-opt=-pass-through=-lcygwin] ==> ignore
    arg [-plugin-opt=-pass-through=-ladvapi32] ==> ignore
    arg [-plugin-opt=-pass-through=-lshell32] ==> ignore
    arg [-plugin-opt=-pass-through=-luser32] ==> ignore
    arg [-plugin-opt=-pass-through=-lkernel32] ==> ignore
    arg [-plugin-opt=-pass-through=-lgcc_s] ==> ignore
    arg [-plugin-opt=-pass-through=-lgcc] ==> ignore
    arg [--build-id] ==> ignore
    arg [-m] ==> ignore
    arg [i386pep] ==> ignore
    arg [--wrap] ==> ignore
    arg [_Znwm] ==> ignore
    arg [--wrap] ==> ignore
    arg [_Znam] ==> ignore
    arg [--wrap] ==> ignore
    arg [_ZdlPv] ==> ignore
    arg [--wrap] ==> ignore
    arg [_ZdaPv] ==> ignore
    arg [--wrap] ==> ignore
    arg [_ZnwmRKSt9nothrow_t] ==> ignore
    arg [--wrap] ==> ignore
    arg [_ZnamRKSt9nothrow_t] ==> ignore
    arg [--wrap] ==> ignore
    arg [_ZdlPvRKSt9nothrow_t] ==> ignore
    arg [--wrap] ==> ignore
    arg [_ZdaPvRKSt9nothrow_t] ==> ignore
    arg [-Bdynamic] ==> search dynamic
    arg [--dll-search-prefix=cyg] ==> ignore
    arg [--tsaware] ==> ignore
    arg [-o] ==> ignore
    arg [cmTC_dcaf6.exe] ==> ignore
    arg [/cygdrive/h/programme/cygwin/bin/../lib/gcc/x86_64-pc-cygwin/11/../../../../lib/crt0.o] ==> obj [/cygdrive/h/programme/cygwin/bin/../lib/gcc/x86_64-pc-cygwin/11/../../../../lib/crt0.o]
    arg [/cygdrive/h/programme/cygwin/bin/../lib/gcc/x86_64-pc-cygwin/11/crtbegin.o] ==> obj [/cygdrive/h/programme/cygwin/bin/../lib/gcc/x86_64-pc-cygwin/11/crtbegin.o]
    arg [-L/cygdrive/h/programme/cygwin/bin/../lib/gcc/x86_64-pc-cygwin/11] ==> dir [/cygdrive/h/programme/cygwin/bin/../lib/gcc/x86_64-pc-cygwin/11]
    arg [-L/cygdrive/h/programme/cygwin/bin/../lib/gcc] ==> dir [/cygdrive/h/programme/cygwin/bin/../lib/gcc]
    arg [-L/cygdrive/h/programme/cygwin/bin/../lib/gcc/x86_64-pc-cygwin/11/../../../../lib] ==> dir [/cygdrive/h/programme/cygwin/bin/../lib/gcc/x86_64-pc-cygwin/11/../../../../lib]
    arg [-L/lib/../lib] ==> dir [/lib/../lib]
    arg [-L/usr/lib/../lib] ==> dir [/usr/lib/../lib]
    arg [-L/cygdrive/h/programme/cygwin/bin/../lib/gcc/x86_64-pc-cygwin/11/../../..] ==> dir [/cygdrive/h/programme/cygwin/bin/../lib/gcc/x86_64-pc-cygwin/11/../../..]
    arg [--enable-auto-import] ==> ignore
    arg [CMakeFiles/cmTC_dcaf6.dir/CMakeCCompilerABI.c.o] ==> ignore
    arg [--out-implib] ==> ignore
    arg [libcmTC_dcaf6.dll.a] ==> ignore
    arg [--major-image-version] ==> ignore
    arg [0] ==> ignore
    arg [--minor-image-version] ==> ignore
    arg [0] ==> ignore
    arg [-lgcc_s] ==> lib [gcc_s]
    arg [-lgcc] ==> lib [gcc]
    arg [-lcygwin] ==> lib [cygwin]
    arg [-ladvapi32] ==> lib [advapi32]
    arg [-lshell32] ==> lib [shell32]
    arg [-luser32] ==> lib [user32]
    arg [-lkernel32] ==> lib [kernel32]
    arg [-lgcc_s] ==> lib [gcc_s]
    arg [-lgcc] ==> lib [gcc]
    arg [/cygdrive/h/programme/cygwin/bin/../lib/gcc/x86_64-pc-cygwin/11/../../../../lib/default-manifest.o] ==> obj [/cygdrive/h/programme/cygwin/bin/../lib/gcc/x86_64-pc-cygwin/11/../../../../lib/default-manifest.o]
    arg [/cygdrive/h/programme/cygwin/bin/../lib/gcc/x86_64-pc-cygwin/11/crtend.o] ==> obj [/cygdrive/h/programme/cygwin/bin/../lib/gcc/x86_64-pc-cygwin/11/crtend.o]
  collapse obj [/cygdrive/h/programme/cygwin/bin/../lib/gcc/x86_64-pc-cygwin/11/../../../../lib/crt0.o] ==> [/cygdrive/h/programme/cygwin/lib/crt0.o]
  collapse obj [/cygdrive/h/programme/cygwin/bin/../lib/gcc/x86_64-pc-cygwin/11/crtbegin.o] ==> [/cygdrive/h/programme/cygwin/lib/gcc/x86_64-pc-cygwin/11/crtbegin.o]
  collapse obj [/cygdrive/h/programme/cygwin/bin/../lib/gcc/x86_64-pc-cygwin/11/../../../../lib/default-manifest.o] ==> [/cygdrive/h/programme/cygwin/lib/default-manifest.o]
  collapse obj [/cygdrive/h/programme/cygwin/bin/../lib/gcc/x86_64-pc-cygwin/11/crtend.o] ==> [/cygdrive/h/programme/cygwin/lib/gcc/x86_64-pc-cygwin/11/crtend.o]
  collapse library dir [/cygdrive/h/programme/cygwin/bin/../lib/gcc/x86_64-pc-cygwin/11] ==> [/cygdrive/h/programme/cygwin/lib/gcc/x86_64-pc-cygwin/11]
  collapse library dir [/cygdrive/h/programme/cygwin/bin/../lib/gcc] ==> [/cygdrive/h/programme/cygwin/lib/gcc]
  collapse library dir [/cygdrive/h/programme/cygwin/bin/../lib/gcc/x86_64-pc-cygwin/11/../../../../lib] ==> [/cygdrive/h/programme/cygwin/lib]
  collapse library dir [/lib/../lib] ==> [/lib]
  collapse library dir [/usr/lib/../lib] ==> [/usr/lib]
  collapse library dir [/cygdrive/h/programme/cygwin/bin/../lib/gcc/x86_64-pc-cygwin/11/../../..] ==> [/cygdrive/h/programme/cygwin/lib]
  implicit libs: [gcc_s;gcc;cygwin;advapi32;shell32;user32;kernel32;gcc_s;gcc]
  implicit objs: [/cygdrive/h/programme/cygwin/lib/crt0.o;/cygdrive/h/programme/cygwin/lib/gcc/x86_64-pc-cygwin/11/crtbegin.o;/cygdrive/h/programme/cygwin/lib/default-manifest.o;/cygdrive/h/programme/cygwin/lib/gcc/x86_64-pc-cygwin/11/crtend.o]
  implicit dirs: [/cygdrive/h/programme/cygwin/lib/gcc/x86_64-pc-cygwin/11;/cygdrive/h/programme/cygwin/lib/gcc;/cygdrive/h/programme/cygwin/lib;/lib;/usr/lib]
  implicit fwks: []


Detecting CXX compiler ABI info compiled with the following output:
Change Dir: /cygdrive/h/projekte/Informatik_Perzeptron/cmake-build-debug/CMakeFiles/CMakeTmp

Run Build Command(s):/cygdrive/h/Programme/jetbrains/apps/apps/Toolbox/apps/CLion/ch-0/223.8617.54/bin/ninja/cygwin/x64/ninja.exe cmTC_acf60 && [1/2] Building CXX object CMakeFiles/cmTC_acf60.dir/CMakeCXXCompilerABI.cpp.o
Using built-in specs.
COLLECT_GCC=/cygdrive/h/programme/cygwin/bin/c++
Target: x86_64-pc-cygwin
Configured with: /mnt/share/cygpkgs/gcc/gcc.x86_64/src/gcc-11.2.0/configure --srcdir=/mnt/share/cygpkgs/gcc/gcc.x86_64/src/gcc-11.2.0 --prefix=/usr --exec-prefix=/usr --localstatedir=/var --sysconfdir=/etc --docdir=/usr/share/doc/gcc --htmldir=/usr/share/doc/gcc/html -C --build=x86_64-pc-cygwin --host=x86_64-pc-cygwin --target=x86_64-pc-cygwin --without-libiconv-prefix --without-libintl-prefix --libexecdir=/usr/lib --with-gcc-major-version-only --enable-shared --enable-shared-libgcc --enable-static --enable-version-specific-runtime-libs --enable-bootstrap --enable-__cxa_atexit --with-dwarf2 --with-tune=generic --disable-bootstrap --enable-languages=c,c++,fortran,lto,objc,obj-c++,jit --enable-graphite --enable-threads=posix --enable-libatomic --enable-libgomp --enable-libquadmath --enable-libquadmath-support --disable-libssp --enable-libada --disable-symvers --with-gnu-ld --with-gnu-as --with-cloog-include=/usr/include/cloog-isl --without-libiconv-prefix --without-libintl-prefix --with-system-zlib --enable-linker-build-id --with-default-libstdcxx-abi=gcc4-compatible --enable-libstdcxx-filesystem-ts
Thread model: posix
Supported LTO compression algorithms: zlib zstd
gcc version 11.2.0 (GCC) 
COLLECT_GCC_OPTIONS='-fdiagnostics-color=always' '-v' '-o' 'CMakeFiles/cmTC_acf60.dir/CMakeCXXCompilerABI.cpp.o' '-c' '-shared-libgcc' '-mtune=generic' '-march=x86-64' '-dumpdir' 'CMakeFiles/cmTC_acf60.dir/'
 /cygdrive/h/programme/cygwin/bin/../lib/gcc/x86_64-pc-cygwin/11/cc1plus.exe -quiet -v -iprefix /cygdrive/h/programme/cygwin/bin/../lib/gcc/x86_64-pc-cygwin/11/ -idirafter /usr/lib/../lib/../include/w32api -idirafter ../../include/w32api /cygdrive/c/Users/userProgrammer/AppData/Local/JetBrains/CLion2022.3/cygwin_cmake/share/cmake-3.24.2/Modules/CMakeCXXCompilerABI.cpp -quiet -dumpdir CMakeFiles/cmTC_acf60.dir/ -dumpbase CMakeCXXCompilerABI.cpp.cpp -dumpbase-ext .cpp -mtune=generic -march=x86-64 -version -fdiagnostics-color=always -o /tmp/ccZk1ft4.s
GNU C++17 (GCC) version 11.2.0 (x86_64-pc-cygwin)
	compiled by GNU C version 11.2.0, GMP version 6.2.1, MPFR version 4.1.0, MPC version 1.2.1, isl version isl-0.24-GMP

GGC heuristics: --param ggc-min-expand=100 --param ggc-min-heapsize=131072
ignoring nonexistent directory "/cygdrive/h/programme/cygwin/bin/../lib/gcc/x86_64-pc-cygwin/11/include-fixed"
ignoring nonexistent directory "/cygdrive/h/programme/cygwin/bin/../lib/gcc/x86_64-pc-cygwin/11/../../../../x86_64-pc-cygwin/include"
ignoring duplicate directory "/cygdrive/h/programme/cygwin/bin/../lib/gcc/../../lib/gcc/x86_64-pc-cygwin/11/include/c++"
ignoring duplicate directory "/cygdrive/h/programme/cygwin/bin/../lib/gcc/../../lib/gcc/x86_64-pc-cygwin/11/include/c++/x86_64-pc-cygwin"
ignoring duplicate directory "/cygdrive/h/programme/cygwin/bin/../lib/gcc/../../lib/gcc/x86_64-pc-cygwin/11/include/c++/backward"
ignoring duplicate directory "/cygdrive/h/programme/cygwin/bin/../lib/gcc/../../lib/gcc/x86_64-pc-cygwin/11/include"
ignoring nonexistent directory "/usr/local/include"
ignoring nonexistent directory "/cygdrive/h/programme/cygwin/bin/../lib/gcc/../../lib/gcc/x86_64-pc-cygwin/11/include-fixed"
ignoring nonexistent directory "/cygdrive/h/programme/cygwin/bin/../lib/gcc/../../lib/gcc/x86_64-pc-cygwin/11/../../../../x86_64-pc-cygwin/include"
ignoring nonexistent directory "../../include/w32api"
#include "..." search starts here:
#include <...> search starts here:
 /cygdrive/h/programme/cygwin/bin/../lib/gcc/x86_64-pc-cygwin/11/include/c++
 /cygdrive/h/programme/cygwin/bin/../lib/gcc/x86_64-pc-cygwin/11/include/c++/x86_64-pc-cygwin
 /cygdrive/h/programme/cygwin/bin/../lib/gcc/x86_64-pc-cygwin/11/include/c++/backward
 /cygdrive/h/programme/cygwin/bin/../lib/gcc/x86_64-pc-cygwin/11/include
 /usr/include
 /usr/lib/../lib/../include/w32api
End of search list.
GNU C++17 (GCC) version 11.2.0 (x86_64-pc-cygwin)
	compiled by GNU C version 11.2.0, GMP version 6.2.1, MPFR version 4.1.0, MPC version 1.2.1, isl version isl-0.24-GMP

GGC heuristics: --param ggc-min-expand=100 --param ggc-min-heapsize=131072
Compiler executable checksum: 19a0cbdcb8673ea244059d8f17961e5d
COLLECT_GCC_OPTIONS='-fdiagnostics-color=always' '-v' '-o' 'CMakeFiles/cmTC_acf60.dir/CMakeCXXCompilerABI.cpp.o' '-c' '-shared-libgcc' '-mtune=generic' '-march=x86-64' '-dumpdir' 'CMakeFiles/cmTC_acf60.dir/'
 as -v -o CMakeFiles/cmTC_acf60.dir/CMakeCXXCompilerABI.cpp.o /tmp/ccZk1ft4.s
GNU assembler version 2.37 (x86_64-pc-cygwin) using BFD version (GNU Binutils) 2.37
COMPILER_PATH=/cygdrive/h/programme/cygwin/bin/../lib/gcc/x86_64-pc-cygwin/11/:/cygdrive/h/programme/cygwin/bin/../lib/gcc/
LIBRARY_PATH=/cygdrive/h/programme/cygwin/bin/../lib/gcc/x86_64-pc-cygwin/11/:/cygdrive/h/programme/cygwin/bin/../lib/gcc/:/cygdrive/h/programme/cygwin/bin/../lib/gcc/x86_64-pc-cygwin/11/../../../../lib/:/lib/../lib/:/usr/lib/../lib/:/cygdrive/h/programme/cygwin/bin/../lib/gcc/x86_64-pc-cygwin/11/../../../:/lib/:/usr/lib/
COLLECT_GCC_OPTIONS='-fdiagnostics-color=always' '-v' '-o' 'CMakeFiles/cmTC_acf60.dir/CMakeCXXCompilerABI.cpp.o' '-c' '-shared-libgcc' '-mtune=generic' '-march=x86-64' '-dumpdir' 'CMakeFiles/cmTC_acf60.dir/CMakeCXXCompilerABI.cpp.'
[2/2] Linking CXX executable cmTC_acf60.exe
Using built-in specs.
COLLECT_GCC=/cygdrive/h/programme/cygwin/bin/c++
COLLECT_LTO_WRAPPER=/cygdrive/h/programme/cygwin/bin/../lib/gcc/x86_64-pc-cygwin/11/lto-wrapper.exe
Target: x86_64-pc-cygwin
Configured with: /mnt/share/cygpkgs/gcc/gcc.x86_64/src/gcc-11.2.0/configure --srcdir=/mnt/share/cygpkgs/gcc/gcc.x86_64/src/gcc-11.2.0 --prefix=/usr --exec-prefix=/usr --localstatedir=/var --sysconfdir=/etc --docdir=/usr/share/doc/gcc --htmldir=/usr/share/doc/gcc/html -C --build=x86_64-pc-cygwin --host=x86_64-pc-cygwin --target=x86_64-pc-cygwin --without-libiconv-prefix --without-libintl-prefix --libexecdir=/usr/lib --with-gcc-major-version-only --enable-shared --enable-shared-libgcc --enable-static --enable-version-specific-runtime-libs --enable-bootstrap --enable-__cxa_atexit --with-dwarf2 --with-tune=generic --disable-bootstrap --enable-languages=c,c++,fortran,lto,objc,obj-c++,jit --enable-graphite --enable-threads=posix --enable-libatomic --enable-libgomp --enable-libquadmath --enable-libquadmath-support --disable-libssp --enable-libada --disable-symvers --with-gnu-ld --with-gnu-as --with-cloog-include=/usr/include/cloog-isl --without-libiconv-prefix --without-libintl-prefix --with-system-zlib --enable-linker-build-id --with-default-libstdcxx-abi=gcc4-compatible --enable-libstdcxx-filesystem-ts
Thread model: posix
Supported LTO compression algorithms: zlib zstd
gcc version 11.2.0 (GCC) 
COMPILER_PATH=/cygdrive/h/programme/cygwin/bin/../lib/gcc/x86_64-pc-cygwin/11/:/cygdrive/h/programme/cygwin/bin/../lib/gcc/
LIBRARY_PATH=/cygdrive/h/programme/cygwin/bin/../lib/gcc/x86_64-pc-cygwin/11/:/cygdrive/h/programme/cygwin/bin/../lib/gcc/:/cygdrive/h/programme/cygwin/bin/../lib/gcc/x86_64-pc-cygwin/11/../../../../lib/:/lib/../lib/:/usr/lib/../lib/:/cygdrive/h/programme/cygwin/bin/../lib/gcc/x86_64-pc-cygwin/11/../../../:/lib/:/usr/lib/
COLLECT_GCC_OPTIONS='-v' '-o' 'cmTC_acf60.exe' '-shared-libgcc' '-mtune=generic' '-march=x86-64' '-dumpdir' 'cmTC_acf60.'
 /cygdrive/h/programme/cygwin/bin/../lib/gcc/x86_64-pc-cygwin/11/collect2.exe -plugin /cygdrive/h/programme/cygwin/bin/../lib/gcc/x86_64-pc-cygwin/11/cyglto_plugin.dll -plugin-opt=/cygdrive/h/programme/cygwin/bin/../lib/gcc/x86_64-pc-cygwin/11/lto-wrapper.exe -plugin-opt=-fresolution=/tmp/ccQ3tMTB.res -plugin-opt=-pass-through=-lgcc_s -plugin-opt=-pass-through=-lgcc -plugin-opt=-pass-through=-lcygwin -plugin-opt=-pass-through=-ladvapi32 -plugin-opt=-pass-through=-lshell32 -plugin-opt=-pass-through=-luser32 -plugin-opt=-pass-through=-lkernel32 -plugin-opt=-pass-through=-lgcc_s -plugin-opt=-pass-through=-lgcc --build-id -m i386pep --wrap _Znwm --wrap _Znam --wrap _ZdlPv --wrap _ZdaPv --wrap _ZnwmRKSt9nothrow_t --wrap _ZnamRKSt9nothrow_t --wrap _ZdlPvRKSt9nothrow_t --wrap _ZdaPvRKSt9nothrow_t -Bdynamic --dll-search-prefix=cyg --tsaware -o cmTC_acf60.exe /cygdrive/h/programme/cygwin/bin/../lib/gcc/x86_64-pc-cygwin/11/../../../../lib/crt0.o /cygdrive/h/programme/cygwin/bin/../lib/gcc/x86_64-pc-cygwin/11/crtbegin.o -L/cygdrive/h/programme/cygwin/bin/../lib/gcc/x86_64-pc-cygwin/11 -L/cygdrive/h/programme/cygwin/bin/../lib/gcc -L/cygdrive/h/programme/cygwin/bin/../lib/gcc/x86_64-pc-cygwin/11/../../../../lib -L/lib/../lib -L/usr/lib/../lib -L/cygdrive/h/programme/cygwin/bin/../lib/gcc/x86_64-pc-cygwin/11/../../.. --enable-auto-import CMakeFiles/cmTC_acf60.dir/CMakeCXXCompilerABI.cpp.o --out-implib libcmTC_acf60.dll.a --major-image-version 0 --minor-image-version 0 -lstdc++ -lgcc_s -lgcc -lcygwin -ladvapi32 -lshell32 -luser32 -lkernel32 -lgcc_s -lgcc /cygdrive/h/programme/cygwin/bin/../lib/gcc/x86_64-pc-cygwin/11/../../../../lib/default-manifest.o /cygdrive/h/programme/cygwin/bin/../lib/gcc/x86_64-pc-cygwin/11/crtend.o
COLLECT_GCC_OPTIONS='-v' '-o' 'cmTC_acf60.exe' '-shared-libgcc' '-mtune=generic' '-march=x86-64' '-dumpdir' 'cmTC_acf60.'



Parsed CXX implicit include dir info from above output: rv=done
  found start of include info
  found start of implicit include info
    add: [/cygdrive/h/programme/cygwin/bin/../lib/gcc/x86_64-pc-cygwin/11/include/c++]
    add: [/cygdrive/h/programme/cygwin/bin/../lib/gcc/x86_64-pc-cygwin/11/include/c++/x86_64-pc-cygwin]
    add: [/cygdrive/h/programme/cygwin/bin/../lib/gcc/x86_64-pc-cygwin/11/include/c++/backward]
    add: [/cygdrive/h/programme/cygwin/bin/../lib/gcc/x86_64-pc-cygwin/11/include]
    add: [/usr/include]
    add: [/usr/lib/../lib/../include/w32api]
  end of search list found
  collapse include dir [/cygdrive/h/programme/cygwin/bin/../lib/gcc/x86_64-pc-cygwin/11/include/c++] ==> [/cygdrive/h/programme/cygwin/lib/gcc/x86_64-pc-cygwin/11/include/c++]
  collapse include dir [/cygdrive/h/programme/cygwin/bin/../lib/gcc/x86_64-pc-cygwin/11/include/c++/x86_64-pc-cygwin] ==> [/cygdrive/h/programme/cygwin/lib/gcc/x86_64-pc-cygwin/11/include/c++/x86_64-pc-cygwin]
  collapse include dir [/cygdrive/h/programme/cygwin/bin/../lib/gcc/x86_64-pc-cygwin/11/include/c++/backward] ==> [/cygdrive/h/programme/cygwin/lib/gcc/x86_64-pc-cygwin/11/include/c++/backward]
  collapse include dir [/cygdrive/h/programme/cygwin/bin/../lib/gcc/x86_64-pc-cygwin/11/include] ==> [/cygdrive/h/programme/cygwin/lib/gcc/x86_64-pc-cygwin/11/include]
  collapse include dir [/usr/include] ==> [/usr/include]
  collapse include dir [/usr/lib/../lib/../include/w32api] ==> [/usr/include/w32api]
  implicit include dirs: [/cygdrive/h/programme/cygwin/lib/gcc/x86_64-pc-cygwin/11/include/c++;/cygdrive/h/programme/cygwin/lib/gcc/x86_64-pc-cygwin/11/include/c++/x86_64-pc-cygwin;/cygdrive/h/programme/cygwin/lib/gcc/x86_64-pc-cygwin/11/include/c++/backward;/cygdrive/h/programme/cygwin/lib/gcc/x86_64-pc-cygwin/11/include;/usr/include;/usr/include/w32api]


Parsed CXX implicit link information from above output:
  link line regex: [^( *|.*[/\])(ld\.exe|CMAKE_LINK_STARTFILE-NOTFOUND|([^/\]+-)?ld|collect2)[^/\]*( |$)]
  ignore line: [Change Dir: /cygdrive/h/projekte/Informatik_Perzeptron/cmake-build-debug/CMakeFiles/CMakeTmp]
  ignore line: []
  ignore line: [Run Build Command(s):/cygdrive/h/Programme/jetbrains/apps/apps/Toolbox/apps/CLion/ch-0/223.8617.54/bin/ninja/cygwin/x64/ninja.exe cmTC_acf60 && [1/2] Building CXX object CMakeFiles/cmTC_acf60.dir/CMakeCXXCompilerABI.cpp.o]
  ignore line: [Using built-in specs.]
  ignore line: [COLLECT_GCC=/cygdrive/h/programme/cygwin/bin/c++]
  ignore line: [Target: x86_64-pc-cygwin]
  ignore line: [Configured with: /mnt/share/cygpkgs/gcc/gcc.x86_64/src/gcc-11.2.0/configure --srcdir=/mnt/share/cygpkgs/gcc/gcc.x86_64/src/gcc-11.2.0 --prefix=/usr --exec-prefix=/usr --localstatedir=/var --sysconfdir=/etc --docdir=/usr/share/doc/gcc --htmldir=/usr/share/doc/gcc/html -C --build=x86_64-pc-cygwin --host=x86_64-pc-cygwin --target=x86_64-pc-cygwin --without-libiconv-prefix --without-libintl-prefix --libexecdir=/usr/lib --with-gcc-major-version-only --enable-shared --enable-shared-libgcc --enable-static --enable-version-specific-runtime-libs --enable-bootstrap --enable-__cxa_atexit --with-dwarf2 --with-tune=generic --disable-bootstrap --enable-languages=c,c++,fortran,lto,objc,obj-c++,jit --enable-graphite --enable-threads=posix --enable-libatomic --enable-libgomp --enable-libquadmath --enable-libquadmath-support --disable-libssp --enable-libada --disable-symvers --with-gnu-ld --with-gnu-as --with-cloog-include=/usr/include/cloog-isl --without-libiconv-prefix --without-libintl-prefix --with-system-zlib --enable-linker-build-id --with-default-libstdcxx-abi=gcc4-compatible --enable-libstdcxx-filesystem-ts]
  ignore line: [Thread model: posix]
  ignore line: [Supported LTO compression algorithms: zlib zstd]
  ignore line: [gcc version 11.2.0 (GCC) ]
  ignore line: [COLLECT_GCC_OPTIONS='-fdiagnostics-color=always' '-v' '-o' 'CMakeFiles/cmTC_acf60.dir/CMakeCXXCompilerABI.cpp.o' '-c' '-shared-libgcc' '-mtune=generic' '-march=x86-64' '-dumpdir' 'CMakeFiles/cmTC_acf60.dir/']
  ignore line: [ /cygdrive/h/programme/cygwin/bin/../lib/gcc/x86_64-pc-cygwin/11/cc1plus.exe -quiet -v -iprefix /cygdrive/h/programme/cygwin/bin/../lib/gcc/x86_64-pc-cygwin/11/ -idirafter /usr/lib/../lib/../include/w32api -idirafter ../../include/w32api /cygdrive/c/Users/userProgrammer/AppData/Local/JetBrains/CLion2022.3/cygwin_cmake/share/cmake-3.24.2/Modules/CMakeCXXCompilerABI.cpp -quiet -dumpdir CMakeFiles/cmTC_acf60.dir/ -dumpbase CMakeCXXCompilerABI.cpp.cpp -dumpbase-ext .cpp -mtune=generic -march=x86-64 -version -fdiagnostics-color=always -o /tmp/ccZk1ft4.s]
  ignore line: [GNU C++17 (GCC) version 11.2.0 (x86_64-pc-cygwin)]
  ignore line: [	compiled by GNU C version 11.2.0  GMP version 6.2.1  MPFR version 4.1.0  MPC version 1.2.1  isl version isl-0.24-GMP]
  ignore line: []
  ignore line: [GGC heuristics: --param ggc-min-expand=100 --param ggc-min-heapsize=131072]
  ignore line: [ignoring nonexistent directory "/cygdrive/h/programme/cygwin/bin/../lib/gcc/x86_64-pc-cygwin/11/include-fixed"]
  ignore line: [ignoring nonexistent directory "/cygdrive/h/programme/cygwin/bin/../lib/gcc/x86_64-pc-cygwin/11/../../../../x86_64-pc-cygwin/include"]
  ignore line: [ignoring duplicate directory "/cygdrive/h/programme/cygwin/bin/../lib/gcc/../../lib/gcc/x86_64-pc-cygwin/11/include/c++"]
  ignore line: [ignoring duplicate directory "/cygdrive/h/programme/cygwin/bin/../lib/gcc/../../lib/gcc/x86_64-pc-cygwin/11/include/c++/x86_64-pc-cygwin"]
  ignore line: [ignoring duplicate directory "/cygdrive/h/programme/cygwin/bin/../lib/gcc/../../lib/gcc/x86_64-pc-cygwin/11/include/c++/backward"]
  ignore line: [ignoring duplicate directory "/cygdrive/h/programme/cygwin/bin/../lib/gcc/../../lib/gcc/x86_64-pc-cygwin/11/include"]
  ignore line: [ignoring nonexistent directory "/usr/local/include"]
  ignore line: [ignoring nonexistent directory "/cygdrive/h/programme/cygwin/bin/../lib/gcc/../../lib/gcc/x86_64-pc-cygwin/11/include-fixed"]
  ignore line: [ignoring nonexistent directory "/cygdrive/h/programme/cygwin/bin/../lib/gcc/../../lib/gcc/x86_64-pc-cygwin/11/../../../../x86_64-pc-cygwin/include"]
  ignore line: [ignoring nonexistent directory "../../include/w32api"]
  ignore line: [#include "..." search starts here:]
  ignore line: [#include <...> search starts here:]
  ignore line: [ /cygdrive/h/programme/cygwin/bin/../lib/gcc/x86_64-pc-cygwin/11/include/c++]
  ignore line: [ /cygdrive/h/programme/cygwin/bin/../lib/gcc/x86_64-pc-cygwin/11/include/c++/x86_64-pc-cygwin]
  ignore line: [ /cygdrive/h/programme/cygwin/bin/../lib/gcc/x86_64-pc-cygwin/11/include/c++/backward]
  ignore line: [ /cygdrive/h/programme/cygwin/bin/../lib/gcc/x86_64-pc-cygwin/11/include]
  ignore line: [ /usr/include]
  ignore line: [ /usr/lib/../lib/../include/w32api]
  ignore line: [End of search list.]
  ignore line: [GNU C++17 (GCC) version 11.2.0 (x86_64-pc-cygwin)]
  ignore line: [	compiled by GNU C version 11.2.0  GMP version 6.2.1  MPFR version 4.1.0  MPC version 1.2.1  isl version isl-0.24-GMP]
  ignore line: []
  ignore line: [GGC heuristics: --param ggc-min-expand=100 --param ggc-min-heapsize=131072]
  ignore line: [Compiler executable checksum: 19a0cbdcb8673ea244059d8f17961e5d]
  ignore line: [COLLECT_GCC_OPTIONS='-fdiagnostics-color=always' '-v' '-o' 'CMakeFiles/cmTC_acf60.dir/CMakeCXXCompilerABI.cpp.o' '-c' '-shared-libgcc' '-mtune=generic' '-march=x86-64' '-dumpdir' 'CMakeFiles/cmTC_acf60.dir/']
  ignore line: [ as -v -o CMakeFiles/cmTC_acf60.dir/CMakeCXXCompilerABI.cpp.o /tmp/ccZk1ft4.s]
  ignore line: [GNU assembler version 2.37 (x86_64-pc-cygwin) using BFD version (GNU Binutils) 2.37]
  ignore line: [COMPILER_PATH=/cygdrive/h/programme/cygwin/bin/../lib/gcc/x86_64-pc-cygwin/11/:/cygdrive/h/programme/cygwin/bin/../lib/gcc/]
  ignore line: [LIBRARY_PATH=/cygdrive/h/programme/cygwin/bin/../lib/gcc/x86_64-pc-cygwin/11/:/cygdrive/h/programme/cygwin/bin/../lib/gcc/:/cygdrive/h/programme/cygwin/bin/../lib/gcc/x86_64-pc-cygwin/11/../../../../lib/:/lib/../lib/:/usr/lib/../lib/:/cygdrive/h/programme/cygwin/bin/../lib/gcc/x86_64-pc-cygwin/11/../../../:/lib/:/usr/lib/]
  ignore line: [COLLECT_GCC_OPTIONS='-fdiagnostics-color=always' '-v' '-o' 'CMakeFiles/cmTC_acf60.dir/CMakeCXXCompilerABI.cpp.o' '-c' '-shared-libgcc' '-mtune=generic' '-march=x86-64' '-dumpdir' 'CMakeFiles/cmTC_acf60.dir/CMakeCXXCompilerABI.cpp.']
  ignore line: [[2/2] Linking CXX executable cmTC_acf60.exe]
  ignore line: [Using built-in specs.]
  ignore line: [COLLECT_GCC=/cygdrive/h/programme/cygwin/bin/c++]
  ignore line: [COLLECT_LTO_WRAPPER=/cygdrive/h/programme/cygwin/bin/../lib/gcc/x86_64-pc-cygwin/11/lto-wrapper.exe]
  ignore line: [Target: x86_64-pc-cygwin]
  ignore line: [Configured with: /mnt/share/cygpkgs/gcc/gcc.x86_64/src/gcc-11.2.0/configure --srcdir=/mnt/share/cygpkgs/gcc/gcc.x86_64/src/gcc-11.2.0 --prefix=/usr --exec-prefix=/usr --localstatedir=/var --sysconfdir=/etc --docdir=/usr/share/doc/gcc --htmldir=/usr/share/doc/gcc/html -C --build=x86_64-pc-cygwin --host=x86_64-pc-cygwin --target=x86_64-pc-cygwin --without-libiconv-prefix --without-libintl-prefix --libexecdir=/usr/lib --with-gcc-major-version-only --enable-shared --enable-shared-libgcc --enable-static --enable-version-specific-runtime-libs --enable-bootstrap --enable-__cxa_atexit --with-dwarf2 --with-tune=generic --disable-bootstrap --enable-languages=c,c++,fortran,lto,objc,obj-c++,jit --enable-graphite --enable-threads=posix --enable-libatomic --enable-libgomp --enable-libquadmath --enable-libquadmath-support --disable-libssp --enable-libada --disable-symvers --with-gnu-ld --with-gnu-as --with-cloog-include=/usr/include/cloog-isl --without-libiconv-prefix --without-libintl-prefix --with-system-zlib --enable-linker-build-id --with-default-libstdcxx-abi=gcc4-compatible --enable-libstdcxx-filesystem-ts]
  ignore line: [Thread model: posix]
  ignore line: [Supported LTO compression algorithms: zlib zstd]
  ignore line: [gcc version 11.2.0 (GCC) ]
  ignore line: [COMPILER_PATH=/cygdrive/h/programme/cygwin/bin/../lib/gcc/x86_64-pc-cygwin/11/:/cygdrive/h/programme/cygwin/bin/../lib/gcc/]
  ignore line: [LIBRARY_PATH=/cygdrive/h/programme/cygwin/bin/../lib/gcc/x86_64-pc-cygwin/11/:/cygdrive/h/programme/cygwin/bin/../lib/gcc/:/cygdrive/h/programme/cygwin/bin/../lib/gcc/x86_64-pc-cygwin/11/../../../../lib/:/lib/../lib/:/usr/lib/../lib/:/cygdrive/h/programme/cygwin/bin/../lib/gcc/x86_64-pc-cygwin/11/../../../:/lib/:/usr/lib/]
  ignore line: [COLLECT_GCC_OPTIONS='-v' '-o' 'cmTC_acf60.exe' '-shared-libgcc' '-mtune=generic' '-march=x86-64' '-dumpdir' 'cmTC_acf60.']
  link line: [ /cygdrive/h/programme/cygwin/bin/../lib/gcc/x86_64-pc-cygwin/11/collect2.exe -plugin /cygdrive/h/programme/cygwin/bin/../lib/gcc/x86_64-pc-cygwin/11/cyglto_plugin.dll -plugin-opt=/cygdrive/h/programme/cygwin/bin/../lib/gcc/x86_64-pc-cygwin/11/lto-wrapper.exe -plugin-opt=-fresolution=/tmp/ccQ3tMTB.res -plugin-opt=-pass-through=-lgcc_s -plugin-opt=-pass-through=-lgcc -plugin-opt=-pass-through=-lcygwin -plugin-opt=-pass-through=-ladvapi32 -plugin-opt=-pass-through=-lshell32 -plugin-opt=-pass-through=-luser32 -plugin-opt=-pass-through=-lkernel32 -plugin-opt=-pass-through=-lgcc_s -plugin-opt=-pass-through=-lgcc --build-id -m i386pep --wrap _Znwm --wrap _Znam --wrap _ZdlPv --wrap _ZdaPv --wrap _ZnwmRKSt9nothrow_t --wrap _ZnamRKSt9nothrow_t --wrap _ZdlPvRKSt9nothrow_t --wrap _ZdaPvRKSt9nothrow_t -Bdynamic --dll-search-prefix=cyg --tsaware -o cmTC_acf60.exe /cygdrive/h/programme/cygwin/bin/../lib/gcc/x86_64-pc-cygwin/11/../../../../lib/crt0.o /cygdrive/h/programme/cygwin/bin/../lib/gcc/x86_64-pc-cygwin/11/crtbegin.o -L/cygdrive/h/programme/cygwin/bin/../lib/gcc/x86_64-pc-cygwin/11 -L/cygdrive/h/programme/cygwin/bin/../lib/gcc -L/cygdrive/h/programme/cygwin/bin/../lib/gcc/x86_64-pc-cygwin/11/../../../../lib -L/lib/../lib -L/usr/lib/../lib -L/cygdrive/h/programme/cygwin/bin/../lib/gcc/x86_64-pc-cygwin/11/../../.. --enable-auto-import CMakeFiles/cmTC_acf60.dir/CMakeCXXCompilerABI.cpp.o --out-implib libcmTC_acf60.dll.a --major-image-version 0 --minor-image-version 0 -lstdc++ -lgcc_s -lgcc -lcygwin -ladvapi32 -lshell32 -luser32 -lkernel32 -lgcc_s -lgcc /cygdrive/h/programme/cygwin/bin/../lib/gcc/x86_64-pc-cygwin/11/../../../../lib/default-manifest.o /cygdrive/h/programme/cygwin/bin/../lib/gcc/x86_64-pc-cygwin/11/crtend.o]
    arg [/cygdrive/h/programme/cygwin/bin/../lib/gcc/x86_64-pc-cygwin/11/collect2.exe] ==> ignore
    arg [-plugin] ==> ignore
    arg [/cygdrive/h/programme/cygwin/bin/../lib/gcc/x86_64-pc-cygwin/11/cyglto_plugin.dll] ==> ignore
    arg [-plugin-opt=/cygdrive/h/programme/cygwin/bin/../lib/gcc/x86_64-pc-cygwin/11/lto-wrapper.exe] ==> ignore
    arg [-plugin-opt=-fresolution=/tmp/ccQ3tMTB.res] ==> ignore
    arg [-plugin-opt=-pass-through=-lgcc_s] ==> ignore
    arg [-plugin-opt=-pass-through=-lgcc] ==> ignore
    arg [-plugin-opt=-pass-through=-lcygwin] ==> ignore
    arg [-plugin-opt=-pass-through=-ladvapi32] ==> ignore
    arg [-plugin-opt=-pass-through=-lshell32] ==> ignore
    arg [-plugin-opt=-pass-through=-luser32] ==> ignore
    arg [-plugin-opt=-pass-through=-lkernel32] ==> ignore
    arg [-plugin-opt=-pass-through=-lgcc_s] ==> ignore
    arg [-plugin-opt=-pass-through=-lgcc] ==> ignore
    arg [--build-id] ==> ignore
    arg [-m] ==> ignore
    arg [i386pep] ==> ignore
    arg [--wrap] ==> ignore
    arg [_Znwm] ==> ignore
    arg [--wrap] ==> ignore
    arg [_Znam] ==> ignore
    arg [--wrap] ==> ignore
    arg [_ZdlPv] ==> ignore
    arg [--wrap] ==> ignore
    arg [_ZdaPv] ==> ignore
    arg [--wrap] ==> ignore
    arg [_ZnwmRKSt9nothrow_t] ==> ignore
    arg [--wrap] ==> ignore
    arg [_ZnamRKSt9nothrow_t] ==> ignore
    arg [--wrap] ==> ignore
    arg [_ZdlPvRKSt9nothrow_t] ==> ignore
    arg [--wrap] ==> ignore
    arg [_ZdaPvRKSt9nothrow_t] ==> ignore
    arg [-Bdynamic] ==> search dynamic
    arg [--dll-search-prefix=cyg] ==> ignore
    arg [--tsaware] ==> ignore
    arg [-o] ==> ignore
    arg [cmTC_acf60.exe] ==> ignore
    arg [/cygdrive/h/programme/cygwin/bin/../lib/gcc/x86_64-pc-cygwin/11/../../../../lib/crt0.o] ==> obj [/cygdrive/h/programme/cygwin/bin/../lib/gcc/x86_64-pc-cygwin/11/../../../../lib/crt0.o]
    arg [/cygdrive/h/programme/cygwin/bin/../lib/gcc/x86_64-pc-cygwin/11/crtbegin.o] ==> obj [/cygdrive/h/programme/cygwin/bin/../lib/gcc/x86_64-pc-cygwin/11/crtbegin.o]
    arg [-L/cygdrive/h/programme/cygwin/bin/../lib/gcc/x86_64-pc-cygwin/11] ==> dir [/cygdrive/h/programme/cygwin/bin/../lib/gcc/x86_64-pc-cygwin/11]
    arg [-L/cygdrive/h/programme/cygwin/bin/../lib/gcc] ==> dir [/cygdrive/h/programme/cygwin/bin/../lib/gcc]
    arg [-L/cygdrive/h/programme/cygwin/bin/../lib/gcc/x86_64-pc-cygwin/11/../../../../lib] ==> dir [/cygdrive/h/programme/cygwin/bin/../lib/gcc/x86_64-pc-cygwin/11/../../../../lib]
    arg [-L/lib/../lib] ==> dir [/lib/../lib]
    arg [-L/usr/lib/../lib] ==> dir [/usr/lib/../lib]
    arg [-L/cygdrive/h/programme/cygwin/bin/../lib/gcc/x86_64-pc-cygwin/11/../../..] ==> dir [/cygdrive/h/programme/cygwin/bin/../lib/gcc/x86_64-pc-cygwin/11/../../..]
    arg [--enable-auto-import] ==> ignore
    arg [CMakeFiles/cmTC_acf60.dir/CMakeCXXCompilerABI.cpp.o] ==> ignore
    arg [--out-implib] ==> ignore
    arg [libcmTC_acf60.dll.a] ==> ignore
    arg [--major-image-version] ==> ignore
    arg [0] ==> ignore
    arg [--minor-image-version] ==> ignore
    arg [0] ==> ignore
    arg [-lstdc++] ==> lib [stdc++]
    arg [-lgcc_s] ==> lib [gcc_s]
    arg [-lgcc] ==> lib [gcc]
    arg [-lcygwin] ==> lib [cygwin]
    arg [-ladvapi32] ==> lib [advapi32]
    arg [-lshell32] ==> lib [shell32]
    arg [-luser32] ==> lib [user32]
    arg [-lkernel32] ==> lib [kernel32]
    arg [-lgcc_s] ==> lib [gcc_s]
    arg [-lgcc] ==> lib [gcc]
    arg [/cygdrive/h/programme/cygwin/bin/../lib/gcc/x86_64-pc-cygwin/11/../../../../lib/default-manifest.o] ==> obj [/cygdrive/h/programme/cygwin/bin/../lib/gcc/x86_64-pc-cygwin/11/../../../../lib/default-manifest.o]
    arg [/cygdrive/h/programme/cygwin/bin/../lib/gcc/x86_64-pc-cygwin/11/crtend.o] ==> obj [/cygdrive/h/programme/cygwin/bin/../lib/gcc/x86_64-pc-cygwin/11/crtend.o]
  collapse obj [/cygdrive/h/programme/cygwin/bin/../lib/gcc/x86_64-pc-cygwin/11/../../../../lib/crt0.o] ==> [/cygdrive/h/programme/cygwin/lib/crt0.o]
  collapse obj [/cygdrive/h/programme/cygwin/bin/../lib/gcc/x86_64-pc-cygwin/11/crtbegin.o] ==> [/cygdrive/h/programme/cygwin/lib/gcc/x86_64-pc-cygwin/11/crtbegin.o]
  collapse obj [/cygdrive/h/programme/cygwin/bin/../lib/gcc/x86_64-pc-cygwin/11/../../../../lib/default-manifest.o] ==> [/cygdrive/h/programme/cygwin/lib/default-manifest.o]
  collapse obj [/cygdrive/h/programme/cygwin/bin/../lib/gcc/x86_64-pc-cygwin/11/crtend.o] ==> [/cygdrive/h/programme/cygwin/lib/gcc/x86_64-pc-cygwin/11/crtend.o]
  collapse library dir [/cygdrive/h/programme/cygwin/bin/../lib/gcc/x86_64-pc-cygwin/11] ==> [/cygdrive/h/programme/cygwin/lib/gcc/x86_64-pc-cygwin/11]
  collapse library dir [/cygdrive/h/programme/cygwin/bin/../lib/gcc] ==> [/cygdrive/h/programme/cygwin/lib/gcc]
  collapse library dir [/cygdrive/h/programme/cygwin/bin/../lib/gcc/x86_64-pc-cygwin/11/../../../../lib] ==> [/cygdrive/h/programme/cygwin/lib]
  collapse library dir [/lib/../lib] ==> [/lib]
  collapse library dir [/usr/lib/../lib] ==> [/usr/lib]
  collapse library dir [/cygdrive/h/programme/cygwin/bin/../lib/gcc/x86_64-pc-cygwin/11/../../..] ==> [/cygdrive/h/programme/cygwin/lib]
  implicit libs: [stdc++;gcc_s;gcc;cygwin;advapi32;shell32;user32;kernel32;gcc_s;gcc]
  implicit objs: [/cygdrive/h/programme/cygwin/lib/crt0.o;/cygdrive/h/programme/cygwin/lib/gcc/x86_64-pc-cygwin/11/crtbegin.o;/cygdrive/h/programme/cygwin/lib/default-manifest.o;/cygdrive/h/programme/cygwin/lib/gcc/x86_64-pc-cygwin/11/crtend.o]
  implicit dirs: [/cygdrive/h/programme/cygwin/lib/gcc/x86_64-pc-cygwin/11;/cygdrive/h/programme/cygwin/lib/gcc;/cygdrive/h/programme/cygwin/lib;/lib;/usr/lib]
  implicit fwks: []


